[debug] [2025-01-09T03:03:15.099Z] ----------------------------------------------------------------------
[debug] [2025-01-09T03:03:15.103Z] Command:       C:\Program Files\nodejs\node.exe C:\Users\Lenovo\AppData\Roaming\npm\node_modules\firebase-tools\lib\bin\firebase.js init hosting
[debug] [2025-01-09T03:03:15.103Z] CLI Version:   13.29.1
[debug] [2025-01-09T03:03:15.103Z] Platform:      win32
[debug] [2025-01-09T03:03:15.104Z] Node Version:  v20.18.0
[debug] [2025-01-09T03:03:15.104Z] Time:          Thu Jan 09 2025 08:33:15 GMT+0530 (India Standard Time)
[debug] [2025-01-09T03:03:15.104Z] ----------------------------------------------------------------------
[debug] 
[debug] [2025-01-09T03:03:15.113Z] > command requires scopes: ["email","openid","https://www.googleapis.com/auth/cloudplatformprojects.readonly","https://www.googleapis.com/auth/firebase","https://www.googleapis.com/auth/cloud-platform"]
[debug] [2025-01-09T03:03:15.114Z] > authorizing via signed-in user (ranjeet93singh02@gmail.com)
[info] 
     ######## #### ########  ######## ########     ###     ######  ########
     ##        ##  ##     ## ##       ##     ##  ##   ##  ##       ##
     ######    ##  ########  ######   ########  #########  ######  ######
     ##        ##  ##    ##  ##       ##     ## ##     ##       ## ##
     ##       #### ##     ## ######## ########  ##     ##  ######  ########

You're about to initialize a Firebase project in this directory:

  C:\Users\Lenovo\Desktop\High On Clouds\supabase-testing

[info] 
=== Project Setup
[info] 
[info] First, let's associate this project directory with a Firebase project.
[info] You can create multiple project aliases by running firebase use --add, 
[info] but for now we'll just set up a default project.
[info] 
[debug] [2025-01-09T03:03:21.221Z] Checked if tokens are valid: false, expires at: 1736391051396
[debug] [2025-01-09T03:03:21.221Z] Checked if tokens are valid: false, expires at: 1736391051396
[debug] [2025-01-09T03:03:21.222Z] > refreshing access token with scopes: []
[debug] [2025-01-09T03:03:21.225Z] >>> [apiv2][query] POST https://www.googleapis.com/oauth2/v3/token [none]
[debug] [2025-01-09T03:03:21.225Z] >>> [apiv2][body] POST https://www.googleapis.com/oauth2/v3/token [omitted]
[debug] [2025-01-09T03:03:21.628Z] <<< [apiv2][status] POST https://www.googleapis.com/oauth2/v3/token 200
[debug] [2025-01-09T03:03:21.629Z] <<< [apiv2][body] POST https://www.googleapis.com/oauth2/v3/token [omitted]
[debug] [2025-01-09T03:03:21.642Z] >>> [apiv2][query] GET https://firebase.googleapis.com/v1beta1/projects pageSize=100
[debug] [2025-01-09T03:03:23.264Z] <<< [apiv2][status] GET https://firebase.googleapis.com/v1beta1/projects 200
[debug] [2025-01-09T03:03:23.264Z] <<< [apiv2][body] GET https://firebase.googleapis.com/v1beta1/projects [omitted]
[info] i  Using project hoc-ui (hoc-ui) 
[info] 
=== Hosting Setup
[debug] [2025-01-09T03:03:26.615Z] Checked if tokens are valid: true, expires at: 1736395400629
[debug] [2025-01-09T03:03:26.615Z] Checked if tokens are valid: true, expires at: 1736395400629
[debug] [2025-01-09T03:03:26.616Z] >>> [apiv2][query] GET https://firebase.googleapis.com/v1beta1/projects/hoc-ui [none]
[debug] [2025-01-09T03:03:27.179Z] <<< [apiv2][status] GET https://firebase.googleapis.com/v1beta1/projects/hoc-ui 200
[debug] [2025-01-09T03:03:27.179Z] <<< [apiv2][body] GET https://firebase.googleapis.com/v1beta1/projects/hoc-ui {"projectId":"hoc-ui","projectNumber":"636646934092","displayName":"hoc-ui","name":"projects/hoc-ui","resources":{"hostingSite":"hoc-ui"},"state":"ACTIVE","etag":"1_78eaf9dc-5665-4af7-b9d9-0cd601a8e6b4"}
[info] 
[info] i  Didn't detect a .git folder. Assuming C:\Users\Lenovo\Desktop\High On Clouds\supabase-testing is the project root. 
[info] i  Authorizing with GitHub to upload your service account to a GitHub repository's secrets store. 
[info] 
[info] Visit this URL on this device to log in:
[info] https://github.com/login/oauth/authorize?client_id=89cf50f02ac6aaed3484&state=1007673568&redirect_uri=http%3A%2F%2Flocalhost%3A9005&scope=read%3Auser%20repo%20public_repo
[info] 
[info] Waiting for authentication...
[debug] [2025-01-09T03:04:34.723Z] >>> [apiv2][query] POST https://github.com/login/oauth/access_token [none]
[debug] [2025-01-09T03:04:34.724Z] >>> [apiv2][body] POST https://github.com/login/oauth/access_token [stream]
[debug] [2025-01-09T03:04:35.554Z] <<< [apiv2][status] POST https://github.com/login/oauth/access_token 200
[debug] [2025-01-09T03:04:35.555Z] <<< [apiv2][body] POST https://github.com/login/oauth/access_token {"access_token":"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","token_type":"bearer","scope":"read:user,repo"}
[debug] [2025-01-09T03:04:35.567Z] >>> [apiv2][query] GET https://api.github.com/user [none]
[debug] [2025-01-09T03:04:36.010Z] <<< [apiv2][status] GET https://api.github.com/user 200
[debug] [2025-01-09T03:04:36.010Z] <<< [apiv2][body] GET https://api.github.com/user {"login":"rajan-singh-00021","id":189939307,"node_id":"U_kgDOC1I-aw","avatar_url":"https://avatars.githubusercontent.com/u/189939307?v=4","gravatar_id":"","url":"https://api.github.com/users/rajan-singh-00021","html_url":"https://github.com/rajan-singh-00021","followers_url":"https://api.github.com/users/rajan-singh-00021/followers","following_url":"https://api.github.com/users/rajan-singh-00021/following{/other_user}","gists_url":"https://api.github.com/users/rajan-singh-00021/gists{/gist_id}","starred_url":"https://api.github.com/users/rajan-singh-00021/starred{/owner}{/repo}","subscriptions_url":"https://api.github.com/users/rajan-singh-00021/subscriptions","organizations_url":"https://api.github.com/users/rajan-singh-00021/orgs","repos_url":"https://api.github.com/users/rajan-singh-00021/repos","events_url":"https://api.github.com/users/rajan-singh-00021/events{/privacy}","received_events_url":"https://api.github.com/users/rajan-singh-00021/received_events","type":"User","user_view_type":"private","site_admin":false,"name":null,"company":null,"blog":"","location":null,"email":null,"hireable":null,"bio":null,"twitter_username":null,"notification_email":null,"public_repos":1,"public_gists":0,"followers":0,"following":0,"created_at":"2024-11-28T02:14:05Z","updated_at":"2025-01-08T02:11:24Z","private_gists":0,"total_private_repos":1,"owned_private_repos":1,"disk_usage":369,"collaborators":0,"two_factor_authentication":false,"plan":{"name":"free","space":976562499,"collaborators":0,"private_repos":10000}}
[info] 
[info] +  Success! Logged into GitHub as rajan-singh-00021 
[info] 
